Turbo Assembler	 Version 2.02	     13/06/21 23:05:46	    Page 1
OUTPUT1.asm
OUTPUT1


      1				     ; Дополнительный исходный файл
      2				     PUBLIC OUTPUT1; Объявляем	процедуру OUTPUT1 публичной для	    +
      3				     работы других модулей
      4	0000			     .model small; задание модели "Small"
      5	0000			     .stack 100h; сегмент стека в 100h байт
      6	0000			     .code; сегмент кода
      7
      8	0000			     OUTPUT1 PROC far
      9	0000  55		     push bp
     10	0001  50		     push ax
     11	0002  52		     push dx
     12	0003  8B EC		     mov bp,sp
     13	0005  B4 09		     mov ah, 09h ; AH =	9 (прерывание	для вывода)
     14	0007  8B 56 0A		     mov dx,[bp	+ 10]
     15	000A  CD 21		     int 21h ; вывод сообщения на экран
     16	000C  5A		     pop dx
     17	000D  58		     pop ax
     18	000E  5D		     pop bp
     19	000F  CB		     ret; возврат управления из процедуры вызывающей	    +
     20				     программе
     21	0010			     OUTPUT1 endp
     22				     End
Turbo Assembler	 Version 2.02	     13/06/21 23:05:46	    Page 2
Symbol Table
OUTPUT1



Symbol Name			  Type	 Value

??DATE				  Text	 "13/06/21"
??FILENAME			  Text	 "OUTPUT1 "
??TIME				  Text	 "23:05:46"
??VERSION			  Number 0202
@CODE				  Text	 _TEXT
@CODESIZE			  Text	 0
@CPU				  Text	 0101H
@CURSEG				  Text	 _TEXT
@DATA				  Text	 DGROUP
@DATASIZE			  Text	 0
@FILENAME			  Text	 OUTPUT1
@MODEL				  Text	 2
@WORDSIZE			  Text	 2
OUTPUT1				  Far	 _TEXT:0000

Groups & Segments		  Bit Size Align  Combine Class

DGROUP				  Group
  STACK				  16  0100 Para	  Stack	  STACK
  _DATA				  16  0000 Word	  Public  DATA
_TEXT				  16  0010 Word	  Public  CODE
